[0m16:47:35.119201 [debug] [MainThread]: Sending event: {'category': 'dbt', 'action': 'invocation', 'label': 'start', 'context': [<snowplow_tracker.self_describing_json.SelfDescribingJson object at 0x109d76f90>, <snowplow_tracker.self_describing_json.SelfDescribingJson object at 0x10ad97890>, <snowplow_tracker.self_describing_json.SelfDescribingJson object at 0x10ad979d0>]}


============================== 16:47:35.123977 | 442a7457-8ac9-4b98-bdc2-127de04d718c ==============================
[0m16:47:35.123977 [info ] [MainThread]: Running with dbt=1.10.0
[0m16:47:35.124240 [debug] [MainThread]: running dbt with arguments {'printer_width': '80', 'indirect_selection': 'eager', 'log_cache_events': 'False', 'write_json': 'True', 'partial_parse': 'True', 'cache_selected_only': 'False', 'warn_error': 'None', 'fail_fast': 'False', 'profiles_dir': '/Users/stefaniegarises/.dbt', 'log_path': 'logs', 'debug': 'False', 'version_check': 'True', 'use_colors': 'True', 'use_experimental_parser': 'False', 'no_print': 'None', 'quiet': 'False', 'empty': 'None', 'warn_error_options': 'WarnErrorOptionsV2(error=[], warn=[], silence=[])', 'invocation_command': 'dbt init dbt_basic', 'log_format': 'default', 'introspect': 'True', 'target_path': 'None', 'static_parser': 'True', 'send_anonymous_usage_stats': 'True'}
[0m16:47:35.132997 [debug] [MainThread]: Starter project path: /Library/Frameworks/Python.framework/Versions/3.13/lib/python3.13/site-packages/dbt/include/starter_project
[0m16:47:35.136364 [info ] [MainThread]: 
Your new dbt project "dbt_basic" was created!

For more information on how to configure the profiles.yml file,
please consult the dbt documentation here:

  https://docs.getdbt.com/docs/configure-your-profile

One more thing:

Need help? Don't hesitate to reach out to us via GitHub issues or on Slack:

  https://community.getdbt.com/

Happy modeling!

[0m16:47:35.136538 [info ] [MainThread]: Setting up your profile.
[0m16:48:41.909181 [debug] [MainThread]: Resource report: {"command_name": "init", "command_success": true, "command_wall_clock_time": 66.82694, "process_in_blocks": "0", "process_kernel_time": 0.122513, "process_mem_max_rss": "128712704", "process_out_blocks": "0", "process_user_time": 1.018065}
[0m16:48:41.912136 [debug] [MainThread]: Command `dbt init` succeeded at 16:48:41.911838 after 66.83 seconds
[0m16:48:41.913595 [debug] [MainThread]: Sending event: {'category': 'dbt', 'action': 'invocation', 'label': 'end', 'context': [<snowplow_tracker.self_describing_json.SelfDescribingJson object at 0x10adade00>, <snowplow_tracker.self_describing_json.SelfDescribingJson object at 0x10ae67650>, <snowplow_tracker.self_describing_json.SelfDescribingJson object at 0x10add8f30>]}
[0m16:48:41.914432 [debug] [MainThread]: Flushing usage events
[0m16:48:42.542291 [debug] [MainThread]: An error was encountered while trying to flush usage events
[0m17:00:44.982891 [debug] [MainThread]: Sending event: {'category': 'dbt', 'action': 'invocation', 'label': 'start', 'context': [<snowplow_tracker.self_describing_json.SelfDescribingJson object at 0x108a3bfb0>, <snowplow_tracker.self_describing_json.SelfDescribingJson object at 0x1098dfda0>, <snowplow_tracker.self_describing_json.SelfDescribingJson object at 0x1098dfaa0>]}


============================== 17:00:45.003142 | aee3e93f-1b48-4616-b661-04283d5b5c24 ==============================
[0m17:00:45.003142 [info ] [MainThread]: Running with dbt=1.10.0
[0m17:00:45.003477 [debug] [MainThread]: running dbt with arguments {'printer_width': '80', 'indirect_selection': 'eager', 'log_cache_events': 'False', 'write_json': 'True', 'partial_parse': 'True', 'cache_selected_only': 'False', 'warn_error': 'None', 'debug': 'False', 'version_check': 'True', 'log_path': 'logs', 'fail_fast': 'False', 'profiles_dir': '/Users/stefaniegarises/.dbt', 'use_colors': 'True', 'use_experimental_parser': 'False', 'empty': 'False', 'quiet': 'False', 'no_print': 'None', 'log_format': 'default', 'invocation_command': 'dbt build', 'warn_error_options': 'WarnErrorOptionsV2(error=[], warn=[], silence=[])', 'introspect': 'True', 'target_path': 'None', 'static_parser': 'True', 'send_anonymous_usage_stats': 'True'}
[0m17:00:45.003765 [error] [MainThread]: Encountered an error:
Runtime Error
  No dbt_project.yml found at expected path /Users/stefaniegarises/Development/dbt-basic/dbt_project.yml
  Verify that each entry within packages.yml (and their transitive dependencies) contains a file named dbt_project.yml
  
[0m17:00:45.005942 [debug] [MainThread]: Resource report: {"command_name": "build", "command_success": false, "command_wall_clock_time": 0.056786124, "process_in_blocks": "0", "process_kernel_time": 0.355963, "process_mem_max_rss": "132251648", "process_out_blocks": "0", "process_user_time": 1.32248}
[0m17:00:45.006234 [debug] [MainThread]: Command `dbt build` failed at 17:00:45.006189 after 0.06 seconds
[0m17:00:45.006411 [debug] [MainThread]: Sending event: {'category': 'dbt', 'action': 'invocation', 'label': 'end', 'context': [<snowplow_tracker.self_describing_json.SelfDescribingJson object at 0x1095bc830>, <snowplow_tracker.self_describing_json.SelfDescribingJson object at 0x108a41eb0>, <snowplow_tracker.self_describing_json.SelfDescribingJson object at 0x108a3bfb0>]}
[0m17:00:45.006574 [debug] [MainThread]: Flushing usage events
[0m17:00:45.478562 [debug] [MainThread]: An error was encountered while trying to flush usage events
